++++++++++++++++++++++++++++++++
--------------------------------
14/07/2016 15:53:17.433
DataTrans Starting
 
++++++++++++++++++++++++++++++++
++++++++++++++++++++++++++++++++
--------------------------------
14/07/2016 15:53:29.648
DataTrans Shutting Down
 
++++++++++++++++++++++++++++++++
++++++++++++++++++++++++++++++++
--------------------------------
28/07/2016 13:9:57.343
DataTrans Starting
 
++++++++++++++++++++++++++++++++
--------------------------------
TfrmDataTrans.ExceptionHandler
Error: Access violation at address 00000000. Read of address 00000000
--------------------------------
TfrmDataTrans.ExceptionHandler
Error: Access violation at address 00000000. Read of address 00000000
--------------------------------
28/07/2016 13:12:57.245
TfrmDataTrans.Configure1Click
Err: Error reading PageControl1.ExplicitWidth: Property ExplicitWidth does not exist
--------------------------------
28/07/2016 13:12:58.56
TfrmDataTrans.Configure1Click
Err: Error reading PageControl1.ExplicitWidth: Property ExplicitWidth does not exist
++++++++++++++++++++++++++++++++
--------------------------------
28/07/2016 13:21:28.718
DataTrans Shutting Down
 
++++++++++++++++++++++++++++++++
++++++++++++++++++++++++++++++++
--------------------------------
28/07/2016 13:21:41.22
DataTrans Starting
 
++++++++++++++++++++++++++++++++
--------------------------------
TfrmDataTrans.ExceptionHandler
Error: Access violation at address 00000000. Read of address 00000000
--------------------------------
28/07/2016 13:25:2.617
TfrmDataTrans.Configure1Click
Err: Error reading PageControl1.ExplicitWidth: Property ExplicitWidth does not exist
--------------------------------
28/07/2016 13:25:3.568
TfrmDataTrans.Configure1Click
Err: Error reading PageControl1.ExplicitWidth: Property ExplicitWidth does not exist
--------------------------------
28/07/2016 13:25:4.98
TfrmDataTrans.Configure1Click
Err: Error reading PageControl1.ExplicitWidth: Property ExplicitWidth does not exist
--------------------------------
28/07/2016 13:25:4.270
TfrmDataTrans.Configure1Click
Err: Error reading PageControl1.ExplicitWidth: Property ExplicitWidth does not exist
--------------------------------
28/07/2016 13:25:4.457
TfrmDataTrans.Configure1Click
Err: Error reading PageControl1.ExplicitWidth: Property ExplicitWidth does not exist
++++++++++++++++++++++++++++++++
--------------------------------
28/07/2016 13:33:45.893
DataTrans Shutting Down
 
++++++++++++++++++++++++++++++++
++++++++++++++++++++++++++++++++
--------------------------------
28/07/2016 13:42:40.118
DataTrans Starting
 
++++++++++++++++++++++++++++++++
++++++++++++++++++++++++++++++++
--------------------------------
28/07/2016 13:42:43.644
DataTrans Shutting Down
 
++++++++++++++++++++++++++++++++
++++++++++++++++++++++++++++++++
--------------------------------
30/08/2016 8:27:35.625
DataTrans Starting
 
++++++++++++++++++++++++++++++++
++++++++++++++++++++++++++++++++
--------------------------------
30/08/2016 8:27:38.542
DataTrans Shutting Down
 
++++++++++++++++++++++++++++++++
++++++++++++++++++++++++++++++++
--------------------------------
19/10/2016 9:55:34.910
DataTrans Starting
 
++++++++++++++++++++++++++++++++
++++++++++++++++++++++++++++++++
--------------------------------
19/10/2016 9:55:36.470
DataTrans Shutting Down
 
++++++++++++++++++++++++++++++++
++++++++++++++++++++++++++++++++
--------------------------------
5/12/2016 6:30:24.605
DataTrans Starting
 
++++++++++++++++++++++++++++++++
++++++++++++++++++++++++++++++++
--------------------------------
5/12/2016 6:30:45.969
DataTrans Shutting Down
 
++++++++++++++++++++++++++++++++
++++++++++++++++++++++++++++++++
--------------------------------
9/12/2016 7:52:55.873
DataTrans Starting
 
++++++++++++++++++++++++++++++++
++++++++++++++++++++++++++++++++
--------------------------------
9/12/2016 7:52:57.838
DataTrans Shutting Down
 
++++++++++++++++++++++++++++++++
++++++++++++++++++++++++++++++++
--------------------------------
16/12/2016 6:37:45.357
DataTrans Starting
 
++++++++++++++++++++++++++++++++
++++++++++++++++++++++++++++++++
--------------------------------
16/12/2016 6:37:46.917
DataTrans Shutting Down
 
++++++++++++++++++++++++++++++++
++++++++++++++++++++++++++++++++
--------------------------------
28/02/2017 10:13:54.779
DataTrans Starting
 
++++++++++++++++++++++++++++++++
++++++++++++++++++++++++++++++++
--------------------------------
28/02/2017 10:29:32.8
DataTrans Shutting Down
 
++++++++++++++++++++++++++++++++
++++++++++++++++++++++++++++++++
--------------------------------
28/02/2017 10:29:33.318
DataTrans Starting
 
++++++++++++++++++++++++++++++++
--------------------------------
TfrmDataTrans.ExceptionHandler
Error: Access violation at address 00000000. Read of address 00000000
++++++++++++++++++++++++++++++++
--------------------------------
2/03/2017 6:41:39.781
DataTrans Shutting Down
 
++++++++++++++++++++++++++++++++
++++++++++++++++++++++++++++++++
--------------------------------
2/03/2017 6:42:37.509
DataTrans Starting
 
++++++++++++++++++++++++++++++++
++++++++++++++++++++++++++++++++
--------------------------------
2/03/2017 7:33:50.197
DataTrans Starting
 
++++++++++++++++++++++++++++++++
++++++++++++++++++++++++++++++++
--------------------------------
2/03/2017 7:35:32.207
DataTrans Shutting Down
 
++++++++++++++++++++++++++++++++
++++++++++++++++++++++++++++++++
--------------------------------
2/03/2017 7:35:42.150
DataTrans Starting
 
++++++++++++++++++++++++++++++++
++++++++++++++++++++++++++++++++
--------------------------------
2/03/2017 7:44:7.899
DataTrans Shutting Down
 
++++++++++++++++++++++++++++++++
++++++++++++++++++++++++++++++++
--------------------------------
2/03/2017 7:44:30.307
DataTrans Starting
 
++++++++++++++++++++++++++++++++
++++++++++++++++++++++++++++++++
--------------------------------
2/03/2017 19:51:47.156
DataTrans Shutting Down
 
++++++++++++++++++++++++++++++++
++++++++++++++++++++++++++++++++
--------------------------------
3/03/2017 6:30:26.51
DataTrans Starting
 
++++++++++++++++++++++++++++++++
++++++++++++++++++++++++++++++++
--------------------------------
6/03/2017 7:20:49.150
DataTrans Shutting Down
 
++++++++++++++++++++++++++++++++
++++++++++++++++++++++++++++++++
--------------------------------
6/03/2017 7:20:53.550
DataTrans Starting
 
++++++++++++++++++++++++++++++++
++++++++++++++++++++++++++++++++
--------------------------------
6/03/2017 7:22:52.344
DataTrans Shutting Down
 
++++++++++++++++++++++++++++++++
++++++++++++++++++++++++++++++++
--------------------------------
6/03/2017 7:22:56.852
DataTrans Starting
 
++++++++++++++++++++++++++++++++
++++++++++++++++++++++++++++++++
--------------------------------
7/03/2017 7:45:43.917
DataTrans Starting
 
++++++++++++++++++++++++++++++++
