++++++++++++++++++++++++++++++++
--------------------------------
14/07/2016 15:53:35.77
FTP Server Starting...
 
++++++++++++++++++++++++++++++++
++++++++++++++++++++++++++++++++
--------------------------------
28/07/2016 13:11:33.676
FTP Server Starting...
 
++++++++++++++++++++++++++++++++
--------------------------------
28/07/2016 13:11:33.691
Error 10049 in function Bind
Address not available
--------------------------------
28/07/2016 13:12:19.774
Error 10049 in function Bind
Address not available
--------------------------------
28/07/2016 13:12:35.62
Error 10049 in function Bind
Address not available
--------------------------------
28/07/2016 13:12:38.104
Error 10049 in function Bind
Address not available
++++++++++++++++++++++++++++++++
--------------------------------
28/07/2016 13:21:32.772
FTP Server Starting...
 
++++++++++++++++++++++++++++++++
--------------------------------
28/07/2016 13:21:32.788
Error 10049 in function Bind
Address not available
++++++++++++++++++++++++++++++++
--------------------------------
28/07/2016 13:22:48.294
FTP Server Starting...
 
++++++++++++++++++++++++++++++++
--------------------------------
28/07/2016 13:22:48.294
Error 10049 in function Bind
Address not available
--------------------------------
28/07/2016 13:22:55.717
Error 10049 in function Bind
Address not available
++++++++++++++++++++++++++++++++
--------------------------------
14/10/2016 10:56:24.581
FTP Server Starting...
 
++++++++++++++++++++++++++++++++
++++++++++++++++++++++++++++++++
--------------------------------
27/10/2016 15:52:31.33
FTP Server  Shutting Down
 
++++++++++++++++++++++++++++++++
++++++++++++++++++++++++++++++++
--------------------------------
5/12/2016 6:30:27.631
FTP Server Starting...
 
++++++++++++++++++++++++++++++++
++++++++++++++++++++++++++++++++
--------------------------------
5/12/2016 6:30:27.677
FTP Server Starting...
 
++++++++++++++++++++++++++++++++
--------------------------------
5/12/2016 6:30:27.709
Error 10048 in function Bind
Address already in use
++++++++++++++++++++++++++++++++
--------------------------------
6/12/2016 7:21:15.222
FTP Server  Shutting Down
 
++++++++++++++++++++++++++++++++
++++++++++++++++++++++++++++++++
--------------------------------
6/12/2016 7:21:16.361
FTP Server  Shutting Down
 
++++++++++++++++++++++++++++++++
++++++++++++++++++++++++++++++++
--------------------------------
2/03/2017 6:42:39.662
FTP Server Starting...
 
++++++++++++++++++++++++++++++++
++++++++++++++++++++++++++++++++
--------------------------------
2/03/2017 6:42:39.787
FTP Server Starting...
 
++++++++++++++++++++++++++++++++
--------------------------------
2/03/2017 6:42:39.803
Error 10048 in function Bind
Address already in use
++++++++++++++++++++++++++++++++
--------------------------------
2/03/2017 7:11:4.810
FTP Server  Shutting Down
 
++++++++++++++++++++++++++++++++
++++++++++++++++++++++++++++++++
--------------------------------
2/03/2017 7:11:5.839
FTP Server  Shutting Down
 
++++++++++++++++++++++++++++++++
++++++++++++++++++++++++++++++++
--------------------------------
2/03/2017 7:35:43.118
FTP Server Starting...
 
++++++++++++++++++++++++++++++++
++++++++++++++++++++++++++++++++
--------------------------------
2/03/2017 7:44:31.603
FTP Server Starting...
 
++++++++++++++++++++++++++++++++
--------------------------------
2/03/2017 7:44:31.634
Error 10048 in function Bind
Address already in use
++++++++++++++++++++++++++++++++
--------------------------------
2/03/2017 7:44:31.681
FTP Server Starting...
 
++++++++++++++++++++++++++++++++
--------------------------------
2/03/2017 7:44:31.712
Error 10048 in function Bind
Address already in use
++++++++++++++++++++++++++++++++
--------------------------------
7/03/2017 6:4:8.916
FTP Server  Shutting Down
 
++++++++++++++++++++++++++++++++
++++++++++++++++++++++++++++++++
--------------------------------
7/03/2017 6:4:10.102
FTP Server  Shutting Down
 
++++++++++++++++++++++++++++++++
++++++++++++++++++++++++++++++++
--------------------------------
7/03/2017 6:4:11.662
FTP Server  Shutting Down
 
++++++++++++++++++++++++++++++++
++++++++++++++++++++++++++++++++
--------------------------------
8/03/2017 6:10:6.379
FTP Server Starting...
 
++++++++++++++++++++++++++++++++
